[04:04:02] [warning] GEEngine: Initialized Log!
[04:04:02] [info] APP: Hello!
[04:04:02] [info] GEEngine: Creating window GE Engine 1600 900
[04:04:03] [trace] APP: MouseMovedEvent: 1091, 576
[04:04:03] [trace] APP: MouseMovedEvent: 1087, 566
[04:04:03] [trace] APP: MouseMovedEvent: 1084, 549
[04:04:03] [trace] APP: MouseMovedEvent: 1084, 545
[04:04:03] [trace] APP: MouseMovedEvent: 1081, 533
[04:04:03] [trace] APP: MouseMovedEvent: 1081, 530
[04:04:03] [trace] APP: MouseMovedEvent: 1079, 525
[04:04:03] [trace] APP: MouseMovedEvent: 1079, 521
[04:04:03] [trace] APP: MouseMovedEvent: 1077, 517
[04:04:03] [trace] APP: MouseMovedEvent: 1076, 510
[04:04:03] [trace] APP: MouseMovedEvent: 1075, 505
[04:04:03] [trace] APP: MouseMovedEvent: 1074, 501
[04:04:03] [trace] APP: MouseMovedEvent: 1074, 497
[04:04:03] [trace] APP: MouseMovedEvent: 1073, 492
[04:04:03] [trace] APP: MouseMovedEvent: 1072, 488
[04:04:03] [trace] APP: MouseMovedEvent: 1071, 484
[04:04:03] [trace] APP: MouseMovedEvent: 1070, 478
[04:04:03] [trace] APP: MouseMovedEvent: 1070, 475
[04:04:03] [trace] APP: MouseMovedEvent: 1068, 471
[04:04:03] [trace] APP: MouseMovedEvent: 1068, 468
[04:04:03] [trace] APP: MouseMovedEvent: 1068, 464
[04:04:03] [trace] APP: MouseMovedEvent: 1067, 461
[04:04:03] [trace] APP: MouseMovedEvent: 1066, 457
[04:04:03] [trace] APP: MouseMovedEvent: 1065, 453
[04:04:03] [trace] APP: MouseMovedEvent: 1065, 449
[04:04:03] [trace] APP: MouseMovedEvent: 1065, 446
[04:04:03] [trace] APP: MouseMovedEvent: 1064, 443
[04:04:03] [trace] APP: MouseMovedEvent: 1064, 439
[04:04:03] [trace] APP: MouseMovedEvent: 1064, 436
[04:04:03] [trace] APP: MouseMovedEvent: 1063, 431
[04:04:03] [trace] APP: MouseMovedEvent: 1063, 429
[04:04:03] [trace] APP: MouseMovedEvent: 1063, 426
[04:04:03] [trace] APP: MouseMovedEvent: 1062, 422
[04:04:03] [trace] APP: MouseMovedEvent: 1061, 419
[04:04:03] [trace] APP: MouseMovedEvent: 1060, 410
[04:04:03] [trace] APP: MouseMovedEvent: 1060, 404
[04:04:03] [trace] APP: MouseMovedEvent: 1060, 401
[04:04:03] [trace] APP: MouseMovedEvent: 1060, 395
[04:04:03] [trace] APP: MouseMovedEvent: 1060, 392
[04:04:03] [trace] APP: MouseMovedEvent: 1060, 389
[04:04:03] [trace] APP: MouseMovedEvent: 1060, 387
[04:04:03] [trace] APP: MouseMovedEvent: 1060, 383
[04:04:03] [trace] APP: MouseMovedEvent: 1060, 381
[04:04:03] [trace] APP: MouseMovedEvent: 1060, 378
[04:04:03] [trace] APP: MouseMovedEvent: 1060, 375
[04:04:03] [trace] APP: MouseMovedEvent: 1062, 356
[04:04:03] [trace] APP: MouseMovedEvent: 1062, 354
[04:04:03] [trace] APP: MouseMovedEvent: 1062, 351
[04:04:03] [trace] APP: MouseMovedEvent: 1062, 348
[04:04:03] [trace] APP: MouseMovedEvent: 1062, 346
[04:04:03] [trace] APP: MouseMovedEvent: 1062, 343
[04:04:03] [trace] APP: MouseMovedEvent: 1062, 341
[04:04:03] [trace] APP: MouseMovedEvent: 1062, 338
[04:04:03] [trace] APP: MouseMovedEvent: 1062, 336
[04:04:03] [trace] APP: MouseMovedEvent: 1063, 334
[04:04:03] [trace] APP: MouseMovedEvent: 1064, 327
[04:04:03] [trace] APP: MouseMovedEvent: 1064, 324
[04:04:03] [trace] APP: MouseMovedEvent: 1064, 322
[04:04:03] [trace] APP: MouseMovedEvent: 1064, 320
[04:04:03] [trace] APP: MouseMovedEvent: 1064, 317
[04:04:03] [trace] APP: MouseMovedEvent: 1064, 316
[04:04:03] [trace] APP: MouseMovedEvent: 1065, 313
[04:04:03] [trace] APP: MouseMovedEvent: 1065, 311
[04:04:03] [trace] APP: MouseMovedEvent: 1065, 309
[04:04:03] [trace] APP: MouseMovedEvent: 1066, 306
[04:04:03] [trace] APP: MouseMovedEvent: 1066, 303
[04:04:03] [trace] APP: MouseMovedEvent: 1066, 302
[04:04:03] [trace] APP: MouseMovedEvent: 1066, 300
[04:04:03] [trace] APP: MouseMovedEvent: 1066, 298
[04:04:03] [trace] APP: MouseMovedEvent: 1066, 296
[04:04:03] [trace] APP: MouseMovedEvent: 1066, 295
[04:04:03] [trace] APP: MouseMovedEvent: 1067, 291
[04:04:03] [trace] APP: MouseMovedEvent: 1067, 286
[04:04:03] [trace] APP: MouseMovedEvent: 1067, 285
[04:04:03] [trace] APP: MouseMovedEvent: 1067, 284
[04:04:03] [trace] APP: MouseMovedEvent: 1068, 281
[04:04:03] [trace] APP: MouseMovedEvent: 1069, 279
[04:04:03] [trace] APP: MouseMovedEvent: 1069, 278
[04:04:03] [trace] APP: MouseMovedEvent: 1069, 276
[04:04:03] [trace] APP: MouseMovedEvent: 1070, 275
[04:04:03] [trace] APP: MouseMovedEvent: 1070, 272
[04:04:03] [trace] APP: MouseMovedEvent: 1070, 270
[04:04:03] [trace] APP: MouseMovedEvent: 1070, 269
[04:04:03] [trace] APP: MouseMovedEvent: 1072, 266
[04:04:03] [trace] APP: MouseMovedEvent: 1072, 264
[04:04:03] [trace] APP: MouseMovedEvent: 1072, 262
[04:04:03] [trace] APP: MouseMovedEvent: 1072, 261
[04:04:03] [trace] APP: MouseMovedEvent: 1072, 260
[04:04:03] [trace] APP: MouseMovedEvent: 1072, 258
[04:04:03] [trace] APP: MouseMovedEvent: 1073, 257
[04:04:03] [trace] APP: MouseMovedEvent: 1073, 255
[04:04:03] [trace] APP: MouseMovedEvent: 1074, 253
[04:04:03] [trace] APP: MouseMovedEvent: 1075, 253
[04:04:03] [trace] APP: MouseMovedEvent: 1075, 250
[04:04:03] [trace] APP: MouseMovedEvent: 1075, 249
[04:04:03] [trace] APP: MouseMovedEvent: 1076, 247
[04:04:03] [trace] APP: MouseMovedEvent: 1076, 245
[04:04:03] [trace] APP: MouseMovedEvent: 1076, 243
[04:04:03] [trace] APP: MouseMovedEvent: 1076, 242
[04:04:03] [trace] APP: MouseMovedEvent: 1077, 241
[04:04:03] [trace] APP: MouseMovedEvent: 1077, 239
[04:04:03] [trace] APP: MouseMovedEvent: 1077, 238
[04:04:03] [trace] APP: MouseMovedEvent: 1078, 238
[04:04:03] [trace] APP: MouseMovedEvent: 1078, 236
[04:04:03] [trace] APP: MouseMovedEvent: 1078, 235
[04:04:03] [trace] APP: MouseMovedEvent: 1078, 234
[04:04:03] [trace] APP: MouseMovedEvent: 1079, 233
[04:04:03] [trace] APP: MouseMovedEvent: 1079, 232
[04:04:03] [trace] APP: MouseMovedEvent: 1079, 231
[04:04:03] [trace] APP: MouseMovedEvent: 1079, 231
[04:04:03] [trace] APP: MouseMovedEvent: 1080, 229
[04:04:03] [trace] APP: MouseMovedEvent: 1080, 228
[04:04:03] [trace] APP: MouseMovedEvent: 1080, 226
[04:04:03] [trace] APP: MouseMovedEvent: 1081, 224
[04:04:03] [trace] APP: MouseMovedEvent: 1081, 223
[04:04:03] [trace] APP: MouseMovedEvent: 1081, 222
[04:04:03] [trace] APP: MouseMovedEvent: 1081, 221
[04:04:03] [trace] APP: MouseMovedEvent: 1081, 220
[04:04:03] [trace] APP: MouseMovedEvent: 1081, 219
[04:04:03] [trace] APP: MouseMovedEvent: 1081, 218
[04:04:03] [trace] APP: MouseMovedEvent: 1081, 217
[04:04:03] [trace] APP: MouseMovedEvent: 1081, 216
[04:04:03] [trace] APP: MouseMovedEvent: 1081, 215
[04:04:03] [trace] APP: MouseMovedEvent: 1082, 214
[04:04:03] [trace] APP: MouseMovedEvent: 1082, 213
[04:04:03] [trace] APP: MouseMovedEvent: 1082, 213
[04:04:03] [trace] APP: MouseMovedEvent: 1082, 212
[04:04:03] [trace] APP: MouseMovedEvent: 1083, 212
[04:04:03] [trace] APP: MouseMovedEvent: 1084, 212
[04:04:03] [trace] APP: MouseMovedEvent: 1085, 212
[04:04:03] [trace] APP: MouseMovedEvent: 1086, 212
[04:04:03] [trace] APP: MouseMovedEvent: 1088, 212
[04:04:03] [trace] APP: MouseMovedEvent: 1089, 212
[04:04:03] [trace] APP: MouseMovedEvent: 1090, 212
[04:04:03] [trace] APP: MouseMovedEvent: 1091, 212
[04:04:03] [trace] APP: MouseMovedEvent: 1092, 212
[04:04:03] [trace] APP: MouseMovedEvent: 1093, 212
[04:04:03] [trace] APP: MouseMovedEvent: 1094, 212
[04:04:03] [trace] APP: MouseMovedEvent: 1095, 212
[04:04:03] [trace] APP: MouseMovedEvent: 1096, 212
[04:04:03] [trace] APP: MouseMovedEvent: 1099, 212
[04:04:03] [trace] APP: MouseMovedEvent: 1100, 212
[04:04:03] [trace] APP: MouseMovedEvent: 1101, 212
[04:04:03] [trace] APP: MouseMovedEvent: 1104, 212
[04:04:03] [trace] APP: MouseMovedEvent: 1104, 213
[04:04:03] [trace] APP: MouseMovedEvent: 1105, 213
[04:04:03] [trace] APP: MouseMovedEvent: 1107, 214
[04:04:03] [trace] APP: MouseMovedEvent: 1108, 214
[04:04:03] [trace] APP: MouseMovedEvent: 1110, 215
[04:04:03] [trace] APP: MouseMovedEvent: 1112, 215
[04:04:03] [trace] APP: MouseMovedEvent: 1114, 217
[04:04:03] [trace] APP: MouseMovedEvent: 1118, 218
[04:04:03] [trace] APP: MouseMovedEvent: 1120, 220
[04:04:03] [trace] APP: MouseMovedEvent: 1121, 220
[04:04:03] [trace] APP: MouseMovedEvent: 1122, 220
[04:04:03] [trace] APP: MouseMovedEvent: 1125, 222
[04:04:03] [trace] APP: MouseMovedEvent: 1127, 223
[04:04:03] [trace] APP: MouseMovedEvent: 1129, 224
[04:04:03] [trace] APP: MouseMovedEvent: 1135, 228
[04:04:03] [trace] APP: MouseMovedEvent: 1139, 232
[04:04:03] [trace] APP: MouseMovedEvent: 1142, 234
[04:04:03] [trace] APP: MouseMovedEvent: 1144, 234
[04:04:03] [trace] APP: MouseMovedEvent: 1146, 236
[04:04:03] [trace] APP: MouseMovedEvent: 1158, 245
[04:04:03] [trace] APP: MouseMovedEvent: 1164, 251
[04:04:03] [trace] APP: MouseMovedEvent: 1173, 259
[04:04:03] [trace] APP: MouseMovedEvent: 1175, 263
[04:04:03] [trace] APP: MouseMovedEvent: 1177, 264
[04:04:03] [trace] APP: MouseMovedEvent: 1178, 264
[04:04:03] [trace] APP: MouseMovedEvent: 1180, 268
[04:04:03] [trace] APP: MouseMovedEvent: 1181, 270
[04:04:03] [trace] APP: MouseMovedEvent: 1182, 270
[04:04:03] [trace] APP: MouseMovedEvent: 1183, 275
[04:04:03] [trace] APP: MouseMovedEvent: 1188, 280
[04:04:03] [trace] APP: MouseMovedEvent: 1190, 284
[04:04:03] [trace] APP: MouseMovedEvent: 1191, 286
[04:04:03] [trace] APP: MouseMovedEvent: 1194, 291
[04:04:03] [trace] APP: MouseMovedEvent: 1196, 295
[04:04:03] [trace] APP: MouseMovedEvent: 1196, 297
[04:04:03] [trace] APP: MouseMovedEvent: 1197, 298
[04:04:03] [trace] APP: MouseMovedEvent: 1197, 301
[04:04:03] [trace] APP: MouseMovedEvent: 1199, 303
[04:04:03] [trace] APP: MouseMovedEvent: 1200, 307
[04:04:03] [trace] APP: MouseMovedEvent: 1200, 315
[04:04:03] [trace] APP: MouseMovedEvent: 1200, 319
[04:04:03] [trace] APP: MouseMovedEvent: 1200, 320
[04:04:03] [trace] APP: MouseMovedEvent: 1200, 326
[04:04:03] [trace] APP: MouseMovedEvent: 1200, 328
[04:04:03] [trace] APP: MouseMovedEvent: 1200, 329
[04:04:03] [trace] APP: MouseMovedEvent: 1199, 340
[04:04:03] [trace] APP: MouseMovedEvent: 1197, 346
[04:04:03] [trace] APP: MouseMovedEvent: 1194, 351
[04:04:03] [trace] APP: MouseMovedEvent: 1190, 355
[04:04:03] [trace] APP: MouseMovedEvent: 1185, 362
[04:04:03] [trace] APP: MouseMovedEvent: 1184, 364
[04:04:03] [trace] APP: MouseMovedEvent: 1181, 365
[04:04:03] [trace] APP: MouseMovedEvent: 1181, 367
[04:04:03] [trace] APP: MouseMovedEvent: 1179, 368
[04:04:03] [trace] APP: MouseMovedEvent: 1177, 369
[04:04:03] [trace] APP: MouseMovedEvent: 1175, 370
[04:04:03] [trace] APP: MouseMovedEvent: 1174, 370
[04:04:03] [trace] APP: MouseMovedEvent: 1173, 370
[04:04:03] [trace] APP: MouseMovedEvent: 1171, 370
[04:04:03] [trace] APP: MouseMovedEvent: 1171, 370
[04:04:03] [trace] APP: MouseMovedEvent: 1169, 371
[04:04:03] [trace] APP: MouseMovedEvent: 1166, 372
[04:04:03] [trace] APP: MouseMovedEvent: 1160, 372
[04:04:03] [trace] APP: MouseMovedEvent: 1155, 373
[04:04:03] [trace] APP: MouseMovedEvent: 1149, 373
[04:04:03] [trace] APP: MouseMovedEvent: 1141, 373
[04:04:03] [trace] APP: MouseMovedEvent: 1135, 373
[04:04:03] [trace] APP: MouseMovedEvent: 1132, 373
[04:04:03] [trace] APP: MouseMovedEvent: 1130, 373
[04:04:03] [trace] APP: MouseMovedEvent: 1128, 373
[04:04:03] [trace] APP: MouseMovedEvent: 1126, 372
[04:04:03] [trace] APP: MouseMovedEvent: 1124, 372
[04:04:03] [trace] APP: MouseMovedEvent: 1118, 371
[04:04:03] [trace] APP: MouseMovedEvent: 1114, 370
[04:04:03] [trace] APP: MouseMovedEvent: 1108, 368
[04:04:03] [trace] APP: MouseMovedEvent: 1101, 365
[04:04:03] [trace] APP: MouseMovedEvent: 1098, 365
[04:04:03] [trace] APP: MouseMovedEvent: 1097, 365
[04:04:03] [trace] APP: MouseMovedEvent: 1092, 362
[04:04:03] [trace] APP: MouseMovedEvent: 1085, 360
[04:04:03] [trace] APP: MouseMovedEvent: 1081, 357
[04:04:03] [trace] APP: MouseMovedEvent: 1079, 357
[04:04:03] [trace] APP: MouseMovedEvent: 1075, 356
[04:04:03] [trace] APP: MouseMovedEvent: 1075, 355
[04:04:03] [trace] APP: MouseMovedEvent: 1073, 354
[04:04:03] [trace] APP: MouseMovedEvent: 1073, 354
[04:04:03] [trace] APP: MouseMovedEvent: 1071, 353
[04:04:03] [trace] APP: MouseMovedEvent: 1070, 352
[04:04:03] [trace] APP: MouseMovedEvent: 1068, 350
[04:04:03] [trace] APP: MouseMovedEvent: 1065, 350
[04:04:03] [trace] APP: MouseMovedEvent: 1064, 350
[04:04:03] [trace] APP: MouseMovedEvent: 1063, 348
[04:04:03] [trace] APP: MouseMovedEvent: 1060, 347
[04:04:03] [trace] APP: MouseMovedEvent: 1059, 346
[04:04:03] [trace] APP: MouseMovedEvent: 1057, 344
[04:04:03] [trace] APP: MouseMovedEvent: 1055, 342
[04:04:03] [trace] APP: MouseMovedEvent: 1054, 342
[04:04:03] [trace] APP: MouseMovedEvent: 1053, 340
[04:04:03] [trace] APP: MouseMovedEvent: 1052, 340
[04:04:03] [trace] APP: MouseMovedEvent: 1051, 339
[04:04:03] [trace] APP: MouseMovedEvent: 1049, 339
[04:04:03] [trace] APP: MouseMovedEvent: 1048, 336
[04:04:03] [trace] APP: MouseMovedEvent: 1047, 335
[04:04:03] [trace] APP: MouseMovedEvent: 1047, 334
[04:04:03] [trace] APP: MouseMovedEvent: 1045, 333
[04:04:03] [trace] APP: MouseMovedEvent: 1045, 332
[04:04:03] [trace] APP: MouseMovedEvent: 1044, 331
[04:04:03] [trace] APP: MouseMovedEvent: 1044, 330
[04:04:03] [trace] APP: MouseMovedEvent: 1043, 329
[04:04:03] [trace] APP: MouseMovedEvent: 1043, 328
[04:04:03] [trace] APP: MouseMovedEvent: 1042, 327
[04:04:03] [trace] APP: MouseMovedEvent: 1042, 325
[04:04:03] [trace] APP: MouseMovedEvent: 1042, 324
[04:04:03] [trace] APP: MouseMovedEvent: 1041, 324
[04:04:03] [trace] APP: MouseMovedEvent: 1041, 323
[04:04:03] [trace] APP: MouseMovedEvent: 1041, 322
[04:04:03] [trace] APP: MouseMovedEvent: 1041, 321
[04:04:03] [trace] APP: MouseMovedEvent: 1041, 320
[04:04:03] [trace] APP: MouseMovedEvent: 1041, 319
[04:04:03] [trace] APP: MouseMovedEvent: 1041, 318
[04:04:03] [trace] APP: MouseMovedEvent: 1041, 317
[04:04:03] [trace] APP: MouseMovedEvent: 1041, 315
[04:04:03] [trace] APP: MouseMovedEvent: 1041, 313
[04:04:03] [trace] APP: MouseMovedEvent: 1041, 311
[04:04:03] [trace] APP: MouseMovedEvent: 1041, 309
[04:04:03] [trace] APP: MouseMovedEvent: 1041, 308
[04:04:03] [trace] APP: MouseMovedEvent: 1042, 307
[04:04:03] [trace] APP: MouseMovedEvent: 1043, 306
[04:04:03] [trace] APP: MouseMovedEvent: 1043, 305
[04:04:03] [trace] APP: MouseMovedEvent: 1044, 304
[04:04:03] [trace] APP: MouseMovedEvent: 1045, 303
[04:04:03] [trace] APP: MouseMovedEvent: 1047, 299
[04:04:03] [trace] APP: MouseMovedEvent: 1048, 298
[04:04:03] [trace] APP: MouseMovedEvent: 1049, 296
[04:04:03] [trace] APP: MouseMovedEvent: 1050, 296
[04:04:03] [trace] APP: MouseMovedEvent: 1051, 294
[04:04:03] [trace] APP: MouseMovedEvent: 1052, 294
[04:04:03] [trace] APP: MouseMovedEvent: 1053, 293
[04:04:03] [trace] APP: MouseMovedEvent: 1054, 291
[04:04:03] [trace] APP: MouseMovedEvent: 1056, 290
[04:04:03] [trace] APP: MouseMovedEvent: 1056, 289
[04:04:03] [trace] APP: MouseMovedEvent: 1058, 288
[04:04:03] [trace] APP: MouseMovedEvent: 1058, 287
[04:04:03] [trace] APP: MouseMovedEvent: 1060, 286
[04:04:03] [trace] APP: MouseMovedEvent: 1061, 286
[04:04:03] [trace] APP: MouseMovedEvent: 1062, 285
[04:04:03] [trace] APP: MouseMovedEvent: 1067, 283
[04:04:03] [trace] APP: MouseMovedEvent: 1069, 282
[04:04:03] [trace] APP: MouseMovedEvent: 1071, 282
[04:04:03] [trace] APP: MouseMovedEvent: 1073, 281
[04:04:03] [trace] APP: MouseMovedEvent: 1074, 280
[04:04:03] [trace] APP: MouseMovedEvent: 1076, 280
[04:04:03] [trace] APP: MouseMovedEvent: 1078, 280
[04:04:03] [trace] APP: MouseMovedEvent: 1081, 278
[04:04:03] [trace] APP: MouseMovedEvent: 1083, 277
[04:04:03] [trace] APP: MouseMovedEvent: 1085, 277
[04:04:03] [trace] APP: MouseMovedEvent: 1089, 277
[04:04:03] [trace] APP: MouseMovedEvent: 1093, 275
[04:04:03] [trace] APP: MouseMovedEvent: 1096, 275
[04:04:03] [trace] APP: MouseMovedEvent: 1097, 274
[04:04:03] [trace] APP: MouseMovedEvent: 1100, 274
[04:04:03] [trace] APP: MouseMovedEvent: 1103, 274
[04:04:03] [trace] APP: MouseMovedEvent: 1106, 273
[04:04:03] [trace] APP: MouseMovedEvent: 1108, 271
[04:04:03] [trace] APP: MouseMovedEvent: 1111, 271
[04:04:03] [trace] APP: MouseMovedEvent: 1114, 271
[04:04:03] [trace] APP: MouseMovedEvent: 1117, 271
[04:04:03] [trace] APP: MouseMovedEvent: 1120, 270
[04:04:03] [trace] APP: MouseMovedEvent: 1123, 269
[04:04:03] [trace] APP: MouseMovedEvent: 1126, 269
[04:04:03] [trace] APP: MouseMovedEvent: 1128, 268
[04:04:03] [trace] APP: MouseMovedEvent: 1131, 268
[04:04:03] [trace] APP: MouseMovedEvent: 1135, 268
[04:04:03] [trace] APP: MouseMovedEvent: 1138, 268
[04:04:03] [trace] APP: MouseMovedEvent: 1148, 267
[04:04:03] [trace] APP: MouseMovedEvent: 1150, 267
[04:04:03] [trace] APP: MouseMovedEvent: 1155, 267
[04:04:03] [trace] APP: MouseMovedEvent: 1158, 267
[04:04:03] [trace] APP: MouseMovedEvent: 1161, 267
[04:04:03] [trace] APP: MouseMovedEvent: 1164, 267
[04:04:03] [trace] APP: MouseMovedEvent: 1168, 267
[04:04:03] [trace] APP: MouseMovedEvent: 1171, 267
[04:04:03] [trace] APP: MouseMovedEvent: 1175, 267
[04:04:03] [trace] APP: MouseMovedEvent: 1178, 267
[04:04:03] [trace] APP: MouseMovedEvent: 1183, 267
[04:04:03] [trace] APP: MouseMovedEvent: 1187, 267
[04:04:03] [trace] APP: MouseMovedEvent: 1197, 269
[04:04:03] [trace] APP: MouseMovedEvent: 1204, 270
[04:04:03] [trace] APP: MouseMovedEvent: 1212, 272
[04:04:03] [trace] APP: MouseMovedEvent: 1215, 274
[04:04:03] [trace] APP: MouseMovedEvent: 1218, 276
[04:04:03] [trace] APP: MouseMovedEvent: 1221, 276
[04:04:03] [trace] APP: MouseMovedEvent: 1225, 276
[04:04:03] [trace] APP: MouseMovedEvent: 1229, 278
[04:04:03] [trace] APP: MouseMovedEvent: 1231, 279
[04:04:03] [trace] APP: MouseMovedEvent: 1234, 281
[04:04:03] [trace] APP: MouseMovedEvent: 1239, 282
[04:04:03] [trace] APP: MouseMovedEvent: 1244, 285
[04:04:03] [trace] APP: MouseMovedEvent: 1248, 286
[04:04:03] [trace] APP: MouseMovedEvent: 1251, 288
[04:04:03] [trace] APP: MouseMovedEvent: 1253, 289
[04:04:03] [trace] APP: MouseMovedEvent: 1256, 291
[04:04:03] [trace] APP: MouseMovedEvent: 1258, 292
[04:04:03] [trace] APP: MouseMovedEvent: 1260, 295
[04:04:03] [trace] APP: MouseMovedEvent: 1263, 296
[04:04:03] [trace] APP: MouseMovedEvent: 1266, 299
[04:04:03] [trace] APP: MouseMovedEvent: 1268, 300
[04:04:03] [trace] APP: MouseMovedEvent: 1269, 302
[04:04:03] [trace] APP: MouseMovedEvent: 1272, 304
[04:04:03] [trace] APP: MouseMovedEvent: 1274, 307
[04:04:03] [trace] APP: MouseMovedEvent: 1276, 309
[04:04:03] [trace] APP: MouseMovedEvent: 1279, 311
[04:04:03] [trace] APP: MouseMovedEvent: 1282, 316
[04:04:03] [trace] APP: MouseMovedEvent: 1284, 318
[04:04:03] [trace] APP: MouseMovedEvent: 1286, 322
[04:04:03] [trace] APP: MouseMovedEvent: 1287, 323
[04:04:03] [trace] APP: MouseMovedEvent: 1289, 327
[04:04:03] [trace] APP: MouseMovedEvent: 1292, 331
[04:04:03] [trace] APP: MouseMovedEvent: 1293, 332
[04:04:03] [trace] APP: MouseMovedEvent: 1294, 335
[04:04:03] [trace] APP: MouseMovedEvent: 1296, 338
[04:04:03] [trace] APP: MouseMovedEvent: 1296, 341
[04:04:03] [trace] APP: MouseMovedEvent: 1298, 343
[04:04:03] [trace] APP: MouseMovedEvent: 1299, 345
[04:04:03] [trace] APP: MouseMovedEvent: 1300, 348
[04:04:03] [trace] APP: MouseMovedEvent: 1301, 350
[04:04:03] [trace] APP: MouseMovedEvent: 1303, 358
[04:04:03] [trace] APP: MouseMovedEvent: 1305, 363
[04:04:03] [trace] APP: MouseMovedEvent: 1305, 369
[04:04:03] [trace] APP: MouseMovedEvent: 1306, 372
[04:04:03] [trace] APP: MouseMovedEvent: 1307, 380
[04:04:03] [trace] APP: MouseMovedEvent: 1307, 383
[04:04:03] [trace] APP: MouseMovedEvent: 1307, 386
[04:04:03] [trace] APP: MouseMovedEvent: 1307, 389
[04:04:03] [trace] APP: MouseMovedEvent: 1307, 392
[04:04:03] [trace] APP: MouseMovedEvent: 1307, 397
[04:04:03] [trace] APP: MouseMovedEvent: 1307, 400
[04:04:03] [trace] APP: MouseMovedEvent: 1307, 403
[04:04:03] [trace] APP: MouseMovedEvent: 1306, 414
[04:04:03] [trace] APP: MouseMovedEvent: 1305, 418
[04:04:03] [trace] APP: MouseMovedEvent: 1304, 423
[04:04:03] [trace] APP: MouseMovedEvent: 1304, 427
[04:04:03] [trace] APP: MouseMovedEvent: 1303, 433
[04:04:03] [trace] APP: MouseMovedEvent: 1301, 436
[04:04:03] [trace] APP: MouseMovedEvent: 1299, 440
[04:04:03] [trace] APP: MouseMovedEvent: 1298, 445
[04:04:03] [trace] APP: MouseMovedEvent: 1297, 449
[04:04:03] [trace] APP: MouseMovedEvent: 1295, 454
[04:04:03] [trace] APP: MouseMovedEvent: 1292, 459
[04:04:03] [trace] APP: MouseMovedEvent: 1291, 464
[04:04:03] [trace] APP: MouseMovedEvent: 1288, 470
[04:04:03] [trace] APP: MouseMovedEvent: 1285, 473
[04:04:03] [trace] APP: MouseMovedEvent: 1284, 479
[04:04:03] [trace] APP: MouseMovedEvent: 1280, 485
[04:04:03] [trace] APP: MouseMovedEvent: 1277, 490
[04:04:03] [trace] APP: MouseMovedEvent: 1273, 496
[04:04:03] [trace] APP: MouseMovedEvent: 1270, 503
[04:04:03] [trace] APP: MouseMovedEvent: 1267, 509
[04:04:03] [trace] APP: MouseMovedEvent: 1263, 513
[04:04:03] [trace] APP: MouseMovedEvent: 1260, 519
[04:04:03] [trace] APP: MouseMovedEvent: 1256, 523
[04:04:03] [trace] APP: MouseMovedEvent: 1252, 529
[04:04:03] [trace] APP: MouseMovedEvent: 1249, 532
[04:04:03] [trace] APP: MouseMovedEvent: 1245, 539
[04:04:03] [trace] APP: MouseMovedEvent: 1240, 542
[04:04:03] [trace] APP: MouseMovedEvent: 1236, 546
[04:04:03] [trace] APP: MouseMovedEvent: 1231, 552
[04:04:03] [trace] APP: MouseMovedEvent: 1228, 554
[04:04:03] [trace] APP: MouseMovedEvent: 1223, 559
[04:04:03] [trace] APP: MouseMovedEvent: 1218, 562
[04:04:03] [trace] APP: MouseMovedEvent: 1212, 567
[04:04:03] [trace] APP: MouseMovedEvent: 1210, 569
[04:04:03] [trace] APP: MouseMovedEvent: 1201, 576
[04:04:03] [trace] APP: MouseMovedEvent: 1199, 577
[04:04:03] [trace] APP: MouseMovedEvent: 1193, 582
[04:04:03] [trace] APP: MouseMovedEvent: 1187, 585
[04:04:03] [trace] APP: MouseMovedEvent: 1184, 587
[04:04:03] [trace] APP: MouseMovedEvent: 1177, 591
[04:04:03] [trace] APP: MouseMovedEvent: 1171, 594
[04:04:03] [trace] APP: MouseMovedEvent: 1164, 598
[04:04:03] [trace] APP: MouseMovedEvent: 1160, 601
[04:04:03] [trace] APP: MouseMovedEvent: 1155, 603
[04:04:03] [trace] APP: MouseMovedEvent: 1147, 606
[04:04:03] [trace] APP: MouseMovedEvent: 1143, 607
[04:04:03] [trace] APP: MouseMovedEvent: 1138, 609
[04:04:03] [trace] APP: MouseMovedEvent: 1127, 613
[04:04:03] [trace] APP: MouseMovedEvent: 1117, 616
[04:04:03] [trace] APP: MouseMovedEvent: 1111, 617
[04:04:03] [trace] APP: MouseMovedEvent: 1105, 618
[04:04:03] [trace] APP: MouseMovedEvent: 1101, 619
[04:04:03] [trace] APP: MouseMovedEvent: 1097, 621
[04:04:03] [trace] APP: MouseMovedEvent: 1091, 621
[04:04:03] [trace] APP: MouseMovedEvent: 1086, 621
[04:04:03] [trace] APP: MouseMovedEvent: 1083, 622
[04:04:03] [trace] APP: MouseMovedEvent: 1077, 622
[04:04:03] [trace] APP: MouseMovedEvent: 1073, 623
[04:04:03] [trace] APP: MouseMovedEvent: 1069, 623
[04:04:03] [trace] APP: MouseMovedEvent: 1063, 623
[04:04:03] [trace] APP: MouseMovedEvent: 1058, 623
[04:04:03] [trace] APP: MouseMovedEvent: 1055, 623
[04:04:03] [trace] APP: MouseMovedEvent: 1050, 623
[04:04:03] [trace] APP: MouseMovedEvent: 1047, 623
[04:04:03] [trace] APP: MouseMovedEvent: 1042, 623
[04:04:03] [trace] APP: MouseMovedEvent: 1038, 623
[04:04:03] [trace] APP: MouseMovedEvent: 1033, 623
[04:04:03] [trace] APP: MouseMovedEvent: 1030, 623
[04:04:03] [trace] APP: MouseMovedEvent: 1026, 623
[04:04:03] [trace] APP: MouseMovedEvent: 1023, 623
[04:04:03] [trace] APP: MouseMovedEvent: 1019, 622
[04:04:03] [trace] APP: MouseMovedEvent: 1013, 622
[04:04:03] [trace] APP: MouseMovedEvent: 1011, 622
[04:04:03] [trace] APP: MouseMovedEvent: 1006, 620
[04:04:03] [trace] APP: MouseMovedEvent: 1000, 619
[04:04:03] [trace] APP: MouseMovedEvent: 996, 618
[04:04:03] [trace] APP: MouseMovedEvent: 993, 618
[04:04:03] [trace] APP: MouseMovedEvent: 989, 617
[04:04:03] [trace] APP: MouseMovedEvent: 985, 617
[04:04:03] [trace] APP: MouseMovedEvent: 981, 616
[04:04:03] [trace] APP: MouseMovedEvent: 980, 614
[04:04:03] [trace] APP: MouseMovedEvent: 974, 612
[04:04:03] [trace] APP: MouseMovedEvent: 973, 612
[04:04:03] [trace] APP: MouseMovedEvent: 968, 610
[04:04:03] [trace] APP: MouseMovedEvent: 966, 609
[04:04:03] [trace] APP: MouseMovedEvent: 963, 608
[04:04:03] [trace] APP: MouseMovedEvent: 960, 607
[04:04:03] [trace] APP: MouseMovedEvent: 957, 606
[04:04:03] [trace] APP: MouseMovedEvent: 954, 605
[04:04:03] [trace] APP: MouseMovedEvent: 953, 604
[04:04:03] [trace] APP: MouseMovedEvent: 946, 600
[04:04:03] [trace] APP: MouseMovedEvent: 942, 598
[04:04:03] [trace] APP: MouseMovedEvent: 941, 597
[04:04:03] [trace] APP: MouseMovedEvent: 940, 596
[04:04:03] [trace] APP: MouseMovedEvent: 938, 594
[04:04:03] [trace] APP: MouseMovedEvent: 937, 593
[04:04:03] [trace] APP: MouseMovedEvent: 935, 591
[04:04:03] [trace] APP: MouseMovedEvent: 935, 591
[04:04:03] [trace] APP: MouseMovedEvent: 933, 589
[04:04:03] [trace] APP: MouseMovedEvent: 931, 588
[04:04:03] [trace] APP: MouseMovedEvent: 930, 586
[04:04:03] [trace] APP: MouseMovedEvent: 929, 585
[04:04:03] [trace] APP: MouseMovedEvent: 929, 584
[04:04:03] [trace] APP: MouseMovedEvent: 926, 578
[04:04:03] [trace] APP: MouseMovedEvent: 924, 575
[04:04:03] [trace] APP: MouseMovedEvent: 924, 573
[04:04:03] [trace] APP: MouseMovedEvent: 923, 564
[04:04:03] [trace] APP: MouseMovedEvent: 923, 554
[04:04:03] [trace] APP: MouseMovedEvent: 924, 550
[04:04:03] [trace] APP: MouseMovedEvent: 926, 546
[04:04:03] [trace] APP: MouseMovedEvent: 927, 544
[04:04:03] [trace] APP: MouseMovedEvent: 928, 543
[04:04:03] [trace] APP: MouseMovedEvent: 928, 541
[04:04:03] [trace] APP: MouseMovedEvent: 929, 538
[04:04:03] [trace] APP: MouseMovedEvent: 930, 537
[04:04:03] [trace] APP: MouseMovedEvent: 932, 535
[04:04:03] [trace] APP: MouseMovedEvent: 936, 526
[04:04:03] [trace] APP: MouseMovedEvent: 939, 521
[04:04:03] [trace] APP: MouseMovedEvent: 942, 518
[04:04:03] [trace] APP: MouseMovedEvent: 944, 515
[04:04:03] [trace] APP: MouseMovedEvent: 945, 513
[04:04:03] [trace] APP: MouseMovedEvent: 947, 510
[04:04:03] [trace] APP: MouseMovedEvent: 948, 508
[04:04:03] [trace] APP: MouseMovedEvent: 950, 506
[04:04:03] [trace] APP: MouseMovedEvent: 951, 502
[04:04:03] [trace] APP: MouseMovedEvent: 953, 501
[04:04:03] [trace] APP: MouseMovedEvent: 956, 499
[04:04:03] [trace] APP: MouseMovedEvent: 962, 493
[04:04:03] [trace] APP: MouseMovedEvent: 963, 490
[04:04:03] [trace] APP: MouseMovedEvent: 966, 489
[04:04:03] [trace] APP: MouseMovedEvent: 967, 487
[04:04:03] [trace] APP: MouseMovedEvent: 969, 484
[04:04:03] [trace] APP: MouseMovedEvent: 972, 483
[04:04:03] [trace] APP: MouseMovedEvent: 974, 480
[04:04:03] [trace] APP: MouseMovedEvent: 976, 478
[04:04:03] [trace] APP: MouseMovedEvent: 979, 477
[04:04:03] [trace] APP: MouseMovedEvent: 981, 474
[04:04:03] [trace] APP: MouseMovedEvent: 983, 473
[04:04:03] [trace] APP: MouseMovedEvent: 986, 471
[04:04:03] [trace] APP: MouseMovedEvent: 989, 470
[04:04:03] [trace] APP: MouseMovedEvent: 993, 466
[04:04:03] [trace] APP: MouseMovedEvent: 1003, 461
[04:04:03] [trace] APP: MouseMovedEvent: 1010, 458
[04:04:03] [trace] APP: MouseMovedEvent: 1025, 451
[04:04:03] [trace] APP: MouseMovedEvent: 1028, 449
[04:04:03] [trace] APP: MouseMovedEvent: 1030, 447
[04:04:03] [trace] APP: MouseMovedEvent: 1043, 442
[04:04:03] [trace] APP: MouseMovedEvent: 1050, 441
[04:04:03] [trace] APP: MouseMovedEvent: 1053, 440
[04:04:03] [trace] APP: MouseMovedEvent: 1056, 439
[04:04:03] [trace] APP: MouseMovedEvent: 1059, 439
[04:04:03] [trace] APP: MouseMovedEvent: 1062, 437
[04:04:03] [trace] APP: MouseMovedEvent: 1066, 436
[04:04:03] [trace] APP: MouseMovedEvent: 1068, 435
[04:04:03] [trace] APP: MouseMovedEvent: 1073, 434
[04:04:03] [trace] APP: MouseMovedEvent: 1076, 434
[04:04:03] [trace] APP: MouseMovedEvent: 1079, 434
[04:04:03] [trace] APP: MouseMovedEvent: 1082, 433
[04:04:03] [trace] APP: MouseMovedEvent: 1085, 433
[04:04:03] [trace] APP: MouseMovedEvent: 1088, 432
[04:04:03] [trace] APP: MouseMovedEvent: 1093, 431
[04:04:03] [trace] APP: MouseMovedEvent: 1099, 431
[04:04:03] [trace] APP: MouseMovedEvent: 1101, 430
[04:04:03] [trace] APP: MouseMovedEvent: 1106, 430
[04:04:03] [trace] APP: MouseMovedEvent: 1114, 430
[04:04:03] [trace] APP: MouseMovedEvent: 1125, 429
[04:04:03] [trace] APP: MouseMovedEvent: 1133, 431
[04:04:03] [trace] APP: MouseMovedEvent: 1135, 432
[04:04:03] [trace] APP: MouseMovedEvent: 1136, 432
[04:04:03] [trace] APP: MouseMovedEvent: 1138, 433
[04:04:03] [trace] APP: MouseMovedEvent: 1139, 433
[04:04:03] [trace] APP: MouseMovedEvent: 1141, 435
[04:04:03] [trace] APP: MouseMovedEvent: 1143, 436
[04:04:03] [trace] APP: MouseMovedEvent: 1144, 437
[04:04:03] [trace] APP: MouseMovedEvent: 1145, 437
[04:04:03] [trace] APP: MouseMovedEvent: 1147, 438
[04:04:03] [trace] APP: MouseMovedEvent: 1148, 440
[04:04:03] [trace] APP: MouseMovedEvent: 1150, 441
[04:04:03] [trace] APP: MouseMovedEvent: 1150, 442
[04:04:03] [trace] APP: MouseMovedEvent: 1152, 444
[04:04:03] [trace] APP: MouseMovedEvent: 1154, 447
[04:04:03] [trace] APP: MouseMovedEvent: 1155, 448
[04:04:03] [trace] APP: MouseMovedEvent: 1156, 449
[04:04:03] [trace] APP: MouseMovedEvent: 1157, 450
[04:04:03] [trace] APP: MouseMovedEvent: 1158, 452
[04:04:03] [trace] APP: MouseMovedEvent: 1159, 455
[04:04:03] [trace] APP: MouseMovedEvent: 1160, 456
[04:04:03] [trace] APP: MouseMovedEvent: 1160, 458
[04:04:03] [trace] APP: MouseMovedEvent: 1161, 459
[04:04:03] [trace] APP: MouseMovedEvent: 1161, 461
[04:04:03] [trace] APP: MouseMovedEvent: 1162, 464
[04:04:03] [trace] APP: MouseMovedEvent: 1163, 465
[04:04:03] [trace] APP: MouseMovedEvent: 1163, 467
[04:04:03] [trace] APP: MouseMovedEvent: 1166, 472
[04:04:03] [trace] APP: MouseMovedEvent: 1166, 473
[04:04:03] [trace] APP: MouseMovedEvent: 1166, 476
[04:04:03] [trace] APP: MouseMovedEvent: 1166, 478
[04:04:03] [trace] APP: MouseMovedEvent: 1166, 480
[04:04:03] [trace] APP: MouseMovedEvent: 1167, 482
[04:04:03] [trace] APP: MouseMovedEvent: 1167, 485
[04:04:03] [trace] APP: MouseMovedEvent: 1167, 488
[04:04:03] [trace] APP: MouseMovedEvent: 1167, 489
[04:04:03] [trace] APP: MouseMovedEvent: 1167, 491
[04:04:03] [trace] APP: MouseMovedEvent: 1167, 494
[04:04:03] [trace] APP: MouseMovedEvent: 1167, 496
[04:04:03] [trace] APP: MouseMovedEvent: 1167, 499
[04:04:03] [trace] APP: MouseMovedEvent: 1167, 501
[04:04:03] [trace] APP: MouseMovedEvent: 1167, 509
[04:04:03] [trace] APP: MouseMovedEvent: 1167, 514
[04:04:03] [trace] APP: MouseMovedEvent: 1165, 521
[04:04:03] [trace] APP: MouseMovedEvent: 1163, 527
[04:04:03] [trace] APP: MouseMovedEvent: 1161, 535
[04:04:03] [trace] APP: MouseMovedEvent: 1160, 537
[04:04:03] [trace] APP: MouseMovedEvent: 1157, 544
[04:04:03] [trace] APP: MouseMovedEvent: 1155, 549
[04:04:03] [trace] APP: MouseMovedEvent: 1154, 551
[04:04:03] [trace] APP: MouseMovedEvent: 1152, 554
[04:04:03] [trace] APP: MouseMovedEvent: 1151, 556
[04:04:03] [trace] APP: MouseMovedEvent: 1149, 561
[04:04:03] [trace] APP: MouseMovedEvent: 1148, 563
[04:04:03] [trace] APP: MouseMovedEvent: 1146, 567
[04:04:03] [trace] APP: MouseMovedEvent: 1144, 568
[04:04:03] [trace] APP: MouseMovedEvent: 1142, 572
[04:04:03] [trace] APP: MouseMovedEvent: 1141, 574
[04:04:03] [trace] APP: MouseMovedEvent: 1138, 578
[04:04:03] [trace] APP: MouseMovedEvent: 1137, 581
[04:04:03] [trace] APP: MouseMovedEvent: 1136, 582
[04:04:03] [trace] APP: MouseMovedEvent: 1134, 584
[04:04:03] [trace] APP: MouseMovedEvent: 1133, 587
[04:04:03] [trace] APP: MouseMovedEvent: 1130, 588
[04:04:03] [trace] APP: MouseMovedEvent: 1130, 591
[04:04:03] [trace] APP: MouseMovedEvent: 1123, 598
[04:04:03] [trace] APP: MouseMovedEvent: 1117, 602
[04:04:03] [trace] APP: MouseMovedEvent: 1115, 604
[04:04:03] [trace] APP: MouseMovedEvent: 1113, 605
[04:04:03] [trace] APP: MouseMovedEvent: 1111, 605
[04:04:03] [trace] APP: MouseMovedEvent: 1107, 606
[04:04:03] [trace] APP: MouseMovedEvent: 1104, 608
[04:04:03] [trace] APP: MouseMovedEvent: 1102, 609
[04:04:03] [trace] APP: MouseMovedEvent: 1101, 610
[04:04:03] [trace] APP: MouseMovedEvent: 1097, 610
[04:04:03] [trace] APP: MouseMovedEvent: 1095, 611
[04:04:03] [trace] APP: MouseMovedEvent: 1093, 611
[04:04:03] [trace] APP: MouseMovedEvent: 1090, 611
[04:04:03] [trace] APP: MouseMovedEvent: 1090, 611
[04:04:03] [trace] APP: MouseMovedEvent: 1088, 611
[04:04:03] [trace] APP: MouseMovedEvent: 1087, 611
[04:04:03] [trace] APP: MouseMovedEvent: 1087, 611
[04:04:03] [trace] APP: MouseMovedEvent: 1086, 611
[04:04:03] [trace] APP: MouseMovedEvent: 1086, 611
[04:04:03] [trace] APP: MouseMovedEvent: 1085, 611
[04:04:03] [trace] APP: MouseMovedEvent: 1084, 611
[04:04:03] [trace] APP: MouseMovedEvent: 1084, 611
[04:04:03] [trace] APP: MouseMovedEvent: 1083, 611
[04:04:03] [trace] APP: MouseMovedEvent: 1083, 610
[04:04:03] [trace] APP: MouseMovedEvent: 1083, 608
[04:04:03] [trace] APP: MouseMovedEvent: 1083, 608
[04:04:03] [trace] APP: MouseMovedEvent: 1082, 607
[04:04:04] [trace] APP: MouseMovedEvent: 1082, 606
[04:04:04] [trace] APP: MouseMovedEvent: 1082, 605
[04:04:04] [trace] APP: MouseMovedEvent: 1081, 604
[04:04:04] [trace] APP: MouseMovedEvent: 1081, 603
[04:04:04] [trace] APP: MouseMovedEvent: 1081, 602
[04:04:04] [trace] APP: MouseMovedEvent: 1081, 601
[04:04:04] [trace] APP: MouseMovedEvent: 1080, 601
[04:04:04] [trace] APP: MouseMovedEvent: 1080, 600
[04:04:04] [trace] APP: MouseMovedEvent: 1080, 598
[04:04:04] [trace] APP: MouseMovedEvent: 1080, 597
[04:04:04] [trace] APP: MouseMovedEvent: 1080, 596
[04:04:04] [trace] APP: MouseMovedEvent: 1080, 594
[04:04:04] [trace] APP: MouseMovedEvent: 1080, 592
[04:04:04] [trace] APP: MouseMovedEvent: 1080, 591
[04:04:04] [trace] APP: MouseMovedEvent: 1080, 589
[04:04:04] [trace] APP: MouseMovedEvent: 1081, 588
[04:04:04] [trace] APP: MouseMovedEvent: 1081, 587
[04:04:04] [trace] APP: MouseMovedEvent: 1081, 586
[04:04:04] [trace] APP: MouseMovedEvent: 1081, 585
[04:04:04] [trace] APP: MouseMovedEvent: 1081, 583
[04:04:04] [trace] APP: MouseMovedEvent: 1082, 581
[04:04:04] [trace] APP: MouseMovedEvent: 1082, 580
[04:04:04] [trace] APP: MouseMovedEvent: 1083, 577
[04:04:04] [trace] APP: MouseMovedEvent: 1084, 576
[04:04:04] [trace] APP: MouseMovedEvent: 1085, 574
[04:04:04] [trace] APP: MouseMovedEvent: 1086, 573
[04:04:04] [trace] APP: MouseMovedEvent: 1087, 571
[04:04:04] [trace] APP: MouseMovedEvent: 1087, 569
[04:04:04] [trace] APP: MouseMovedEvent: 1088, 567
[04:04:04] [trace] APP: MouseMovedEvent: 1088, 566
[04:04:04] [trace] APP: MouseMovedEvent: 1089, 564
[04:04:04] [trace] APP: MouseMovedEvent: 1091, 562
[04:04:04] [trace] APP: MouseMovedEvent: 1091, 560
[04:04:04] [trace] APP: MouseMovedEvent: 1092, 559
[04:04:04] [trace] APP: MouseMovedEvent: 1093, 556
[04:04:04] [trace] APP: MouseMovedEvent: 1094, 555
[04:04:04] [trace] APP: MouseMovedEvent: 1095, 553
[04:04:04] [trace] APP: MouseMovedEvent: 1095, 551
[04:04:04] [trace] APP: MouseMovedEvent: 1096, 550
[04:04:04] [trace] APP: MouseMovedEvent: 1097, 549
[04:04:04] [trace] APP: MouseMovedEvent: 1097, 547
[04:04:04] [trace] APP: MouseMovedEvent: 1099, 546
[04:04:04] [trace] APP: MouseMovedEvent: 1100, 544
[04:04:04] [trace] APP: MouseMovedEvent: 1101, 543
[04:04:04] [trace] APP: MouseMovedEvent: 1101, 541
[04:04:04] [trace] APP: MouseMovedEvent: 1102, 539
[04:04:04] [trace] APP: MouseMovedEvent: 1103, 537
[04:04:04] [trace] APP: MouseMovedEvent: 1104, 536
[04:04:04] [trace] APP: MouseMovedEvent: 1105, 534
[04:04:04] [trace] APP: MouseMovedEvent: 1107, 532
[04:04:04] [trace] APP: MouseMovedEvent: 1107, 530
[04:04:04] [trace] APP: MouseMovedEvent: 1109, 527
[04:04:04] [trace] APP: MouseMovedEvent: 1112, 522
[04:04:04] [trace] APP: MouseMovedEvent: 1115, 520
[04:04:04] [trace] APP: MouseMovedEvent: 1116, 518
[04:04:04] [trace] APP: MouseMovedEvent: 1118, 516
[04:04:04] [trace] APP: MouseMovedEvent: 1119, 514
[04:04:04] [trace] APP: MouseMovedEvent: 1120, 513
[04:04:04] [trace] APP: MouseMovedEvent: 1122, 510
[04:04:04] [trace] APP: MouseMovedEvent: 1125, 509
[04:04:04] [trace] APP: MouseMovedEvent: 1125, 508
[04:04:04] [trace] APP: MouseMovedEvent: 1130, 499
[04:04:04] [trace] APP: MouseMovedEvent: 1133, 498
[04:04:04] [trace] APP: MouseMovedEvent: 1134, 496
[04:04:04] [trace] APP: MouseMovedEvent: 1136, 494
[04:04:04] [trace] APP: MouseMovedEvent: 1138, 492
[04:04:04] [trace] APP: MouseMovedEvent: 1141, 489
[04:04:04] [trace] APP: MouseMovedEvent: 1142, 487
[04:04:04] [trace] APP: MouseMovedEvent: 1145, 486
[04:04:04] [trace] APP: MouseMovedEvent: 1147, 483
[04:04:04] [trace] APP: MouseMovedEvent: 1148, 482
[04:04:04] [trace] APP: MouseMovedEvent: 1151, 480
[04:04:04] [trace] APP: MouseMovedEvent: 1153, 477
[04:04:04] [trace] APP: MouseMovedEvent: 1155, 476
[04:04:04] [trace] APP: MouseMovedEvent: 1157, 474
[04:04:04] [trace] APP: MouseMovedEvent: 1163, 469
[04:04:04] [trace] APP: MouseMovedEvent: 1163, 468
[04:04:04] [trace] APP: MouseMovedEvent: 1170, 464
[04:04:04] [trace] APP: MouseMovedEvent: 1170, 463
[04:04:04] [trace] APP: MouseMovedEvent: 1175, 461
[04:04:04] [trace] APP: MouseMovedEvent: 1176, 459
[04:04:04] [trace] APP: MouseMovedEvent: 1178, 456
[04:04:04] [trace] APP: MouseMovedEvent: 1180, 456
[04:04:04] [trace] APP: MouseMovedEvent: 1182, 453
[04:04:04] [trace] APP: MouseMovedEvent: 1184, 452
[04:04:04] [trace] APP: MouseMovedEvent: 1186, 450
[04:04:04] [trace] APP: MouseMovedEvent: 1188, 448
[04:04:04] [trace] APP: MouseMovedEvent: 1192, 445
[04:04:04] [trace] APP: MouseMovedEvent: 1193, 444
[04:04:04] [trace] APP: MouseMovedEvent: 1194, 443
[04:04:04] [trace] APP: MouseMovedEvent: 1198, 441
[04:04:04] [trace] APP: MouseMovedEvent: 1199, 440
[04:04:04] [trace] APP: MouseMovedEvent: 1201, 439
[04:04:04] [trace] APP: MouseMovedEvent: 1202, 437
[04:04:04] [trace] APP: MouseMovedEvent: 1204, 436
[04:04:04] [trace] APP: MouseMovedEvent: 1206, 435
[04:04:04] [trace] APP: MouseMovedEvent: 1208, 434
[04:04:04] [trace] APP: MouseMovedEvent: 1208, 433
[04:04:04] [trace] APP: MouseMovedEvent: 1210, 432
[04:04:04] [trace] APP: MouseMovedEvent: 1211, 432
[04:04:04] [trace] APP: MouseMovedEvent: 1212, 430
[04:04:04] [trace] APP: MouseMovedEvent: 1215, 429
[04:04:04] [trace] APP: MouseMovedEvent: 1215, 428
[04:04:04] [trace] APP: MouseMovedEvent: 1218, 426
[04:04:04] [trace] APP: MouseMovedEvent: 1220, 424
[04:04:04] [trace] APP: MouseMovedEvent: 1221, 424
[04:04:04] [trace] APP: MouseMovedEvent: 1221, 423
[04:04:04] [trace] APP: MouseMovedEvent: 1222, 422
[04:04:04] [trace] APP: MouseMovedEvent: 1224, 422
[04:04:04] [trace] APP: MouseMovedEvent: 1224, 421
[04:04:04] [trace] APP: MouseMovedEvent: 1225, 421
[04:04:04] [trace] APP: MouseMovedEvent: 1225, 420
[04:04:04] [trace] APP: MouseMovedEvent: 1225, 419
[04:04:04] [trace] APP: MouseMovedEvent: 1226, 419
[04:04:04] [trace] APP: MouseMovedEvent: 1227, 419
[04:04:04] [trace] APP: MouseMovedEvent: 1227, 418
[04:04:04] [trace] APP: MouseMovedEvent: 1226, 418
[04:04:04] [trace] APP: MouseMovedEvent: 1225, 418
[04:04:04] [trace] APP: MouseMovedEvent: 1225, 419
[04:04:04] [trace] APP: MouseMovedEvent: 1224, 419
[04:04:04] [trace] APP: MouseMovedEvent: 1224, 420
[04:04:04] [trace] APP: MouseMovedEvent: 1223, 420
[04:04:04] [trace] APP: MouseMovedEvent: 1222, 420
[04:04:04] [trace] APP: MouseMovedEvent: 1222, 421
[04:04:04] [trace] APP: MouseMovedEvent: 1222, 422
[04:04:04] [trace] APP: MouseMovedEvent: 1222, 423
[04:04:04] [trace] APP: MouseMovedEvent: 1221, 424
[04:04:04] [trace] APP: MouseMovedEvent: 1221, 425
[04:04:04] [trace] APP: MouseMovedEvent: 1221, 426
[04:04:04] [trace] APP: MouseMovedEvent: 1221, 427
[04:04:04] [trace] APP: MouseMovedEvent: 1220, 428
[04:04:04] [trace] APP: MouseMovedEvent: 1220, 429
[04:04:04] [trace] APP: MouseMovedEvent: 1219, 429
[04:04:04] [trace] APP: MouseButtonPressedEvent: 1
[04:04:04] [trace] APP: MouseMovedEvent: 1219, 430
[04:04:04] [trace] APP: MouseMovedEvent: 1218, 430
[04:04:04] [trace] APP: MouseMovedEvent: 1218, 431
[04:04:04] [trace] APP: MouseMovedEvent: 1217, 431
[04:04:04] [trace] APP: MouseButtonReleasedEvent: 1
[04:04:04] [trace] APP: MouseMovedEvent: 1217, 431
[04:04:04] [trace] APP: MouseMovedEvent: 1217, 432
[04:04:04] [trace] APP: MouseMovedEvent: 1216, 432
[04:04:04] [trace] APP: MouseMovedEvent: 1215, 432
[04:04:04] [trace] APP: MouseMovedEvent: 1214, 432
[04:04:04] [trace] APP: MouseMovedEvent: 1213, 433
[04:04:04] [trace] APP: MouseMovedEvent: 1212, 433
[04:04:04] [trace] APP: MouseMovedEvent: 1211, 433
[04:04:04] [trace] APP: MouseMovedEvent: 1210, 433
[04:04:04] [trace] APP: MouseMovedEvent: 1209, 433
[04:04:04] [trace] APP: MouseMovedEvent: 1208, 433
[04:04:04] [trace] APP: MouseMovedEvent: 1207, 433
[04:04:04] [trace] APP: MouseMovedEvent: 1206, 433
[04:04:04] [trace] APP: MouseMovedEvent: 1205, 433
[04:04:04] [trace] APP: MouseMovedEvent: 1204, 433
[04:04:04] [trace] APP: MouseMovedEvent: 1203, 432
[04:04:04] [trace] APP: MouseMovedEvent: 1202, 432
[04:04:04] [trace] APP: MouseMovedEvent: 1201, 432
[04:04:04] [trace] APP: MouseMovedEvent: 1201, 431
[04:04:04] [trace] APP: MouseMovedEvent: 1201, 430
[04:04:04] [trace] APP: MouseMovedEvent: 1200, 430
[04:04:04] [trace] APP: MouseMovedEvent: 1199, 429
[04:04:04] [trace] APP: MouseMovedEvent: 1197, 428
[04:04:04] [trace] APP: MouseMovedEvent: 1196, 427
[04:04:04] [trace] APP: MouseMovedEvent: 1194, 426
[04:04:04] [trace] APP: MouseMovedEvent: 1194, 425
[04:04:04] [trace] APP: MouseMovedEvent: 1193, 425
[04:04:04] [trace] APP: MouseMovedEvent: 1192, 424
[04:04:04] [trace] APP: MouseMovedEvent: 1191, 423
[04:04:04] [trace] APP: MouseMovedEvent: 1190, 423
[04:04:04] [trace] APP: MouseMovedEvent: 1189, 422
[04:04:04] [trace] APP: MouseMovedEvent: 1188, 420
[04:04:04] [trace] APP: MouseMovedEvent: 1187, 420
[04:04:04] [trace] APP: MouseMovedEvent: 1186, 419
[04:04:04] [trace] APP: MouseMovedEvent: 1185, 418
[04:04:04] [trace] APP: MouseMovedEvent: 1184, 418
[04:04:04] [trace] APP: MouseMovedEvent: 1182, 417
[04:04:04] [trace] APP: MouseMovedEvent: 1182, 416
[04:04:04] [trace] APP: MouseMovedEvent: 1181, 416
[04:04:04] [trace] APP: MouseMovedEvent: 1181, 415
[04:04:04] [trace] APP: MouseMovedEvent: 1179, 415
[04:04:04] [trace] APP: MouseMovedEvent: 1179, 414
[04:04:04] [trace] APP: MouseMovedEvent: 1178, 413
[04:04:04] [trace] APP: MouseMovedEvent: 1177, 413
[04:04:04] [trace] APP: MouseMovedEvent: 1176, 412
[04:04:04] [trace] APP: MouseMovedEvent: 1174, 410
[04:04:04] [trace] APP: MouseMovedEvent: 1173, 410
[04:04:04] [trace] APP: MouseMovedEvent: 1172, 409
[04:04:04] [trace] APP: MouseMovedEvent: 1171, 409
[04:04:04] [trace] APP: MouseMovedEvent: 1170, 408
[04:04:04] [trace] APP: MouseMovedEvent: 1168, 407
[04:04:04] [trace] APP: MouseMovedEvent: 1168, 406
[04:04:04] [trace] APP: MouseMovedEvent: 1167, 406
[04:04:04] [trace] APP: MouseMovedEvent: 1166, 404
[04:04:04] [trace] APP: MouseMovedEvent: 1165, 404
[04:04:04] [trace] APP: MouseMovedEvent: 1163, 403
[04:04:04] [trace] APP: MouseMovedEvent: 1162, 403
[04:04:04] [trace] APP: MouseMovedEvent: 1160, 401
[04:04:04] [trace] APP: MouseMovedEvent: 1160, 400
[04:04:04] [trace] APP: MouseMovedEvent: 1159, 399
[04:04:04] [trace] APP: MouseMovedEvent: 1157, 398
[04:04:04] [trace] APP: MouseMovedEvent: 1156, 397
[04:04:04] [trace] APP: MouseMovedEvent: 1155, 397
[04:04:04] [trace] APP: MouseMovedEvent: 1154, 395
[04:04:04] [trace] APP: MouseMovedEvent: 1152, 394
[04:04:04] [trace] APP: MouseMovedEvent: 1151, 394
[04:04:04] [trace] APP: MouseMovedEvent: 1150, 393
[04:04:04] [trace] APP: MouseMovedEvent: 1149, 391
[04:04:04] [trace] APP: MouseMovedEvent: 1147, 389
[04:04:04] [trace] APP: MouseMovedEvent: 1145, 388
[04:04:04] [trace] APP: MouseMovedEvent: 1144, 387
[04:04:04] [trace] APP: MouseMovedEvent: 1143, 386
[04:04:04] [trace] APP: MouseMovedEvent: 1142, 385
[04:04:04] [trace] APP: MouseMovedEvent: 1140, 384
[04:04:04] [trace] APP: MouseMovedEvent: 1139, 383
[04:04:04] [trace] APP: MouseMovedEvent: 1135, 380
[04:04:04] [trace] APP: MouseMovedEvent: 1133, 377
[04:04:04] [trace] APP: MouseMovedEvent: 1132, 376
[04:04:04] [trace] APP: MouseMovedEvent: 1129, 375
[04:04:04] [trace] APP: MouseMovedEvent: 1128, 374
[04:04:04] [trace] APP: MouseMovedEvent: 1127, 372
[04:04:04] [trace] APP: MouseMovedEvent: 1124, 370
[04:04:04] [trace] APP: MouseMovedEvent: 1123, 370
[04:04:04] [trace] APP: MouseMovedEvent: 1122, 368
[04:04:04] [trace] APP: MouseMovedEvent: 1120, 366
[04:04:04] [trace] APP: MouseMovedEvent: 1118, 364
[04:04:04] [trace] APP: MouseMovedEvent: 1116, 363
[04:04:04] [trace] APP: MouseMovedEvent: 1114, 362
[04:04:04] [trace] APP: MouseMovedEvent: 1112, 360
[04:04:04] [trace] APP: MouseMovedEvent: 1109, 357
[04:04:04] [trace] APP: MouseMovedEvent: 1106, 354
[04:04:04] [trace] APP: MouseMovedEvent: 1104, 352
[04:04:04] [trace] APP: MouseMovedEvent: 1103, 351
[04:04:04] [trace] APP: MouseMovedEvent: 1100, 348
[04:04:04] [trace] APP: MouseMovedEvent: 1098, 346
[04:04:04] [trace] APP: MouseMovedEvent: 1096, 344
[04:04:04] [trace] APP: MouseMovedEvent: 1095, 343
[04:04:04] [trace] APP: MouseMovedEvent: 1093, 340
[04:04:04] [trace] APP: MouseMovedEvent: 1092, 340
[04:04:04] [trace] APP: MouseMovedEvent: 1090, 337
[04:04:04] [trace] APP: MouseMovedEvent: 1089, 335
[04:04:04] [trace] APP: MouseMovedEvent: 1087, 334
[04:04:04] [trace] APP: MouseMovedEvent: 1083, 329
[04:04:04] [trace] APP: MouseMovedEvent: 1081, 328
[04:04:04] [trace] APP: MouseMovedEvent: 1080, 326
[04:04:04] [trace] APP: MouseMovedEvent: 1078, 323
[04:04:04] [trace] APP: MouseMovedEvent: 1077, 323
[04:04:04] [trace] APP: MouseMovedEvent: 1075, 321
[04:04:04] [trace] APP: MouseMovedEvent: 1074, 318
[04:04:04] [trace] APP: MouseMovedEvent: 1072, 317
[04:04:04] [trace] APP: MouseMovedEvent: 1071, 316
[04:04:04] [trace] APP: MouseMovedEvent: 1069, 313
[04:04:04] [trace] APP: MouseMovedEvent: 1068, 312
[04:04:04] [trace] APP: MouseMovedEvent: 1066, 310
[04:04:04] [trace] APP: MouseMovedEvent: 1064, 308
[04:04:04] [trace] APP: MouseMovedEvent: 1063, 306
[04:04:04] [trace] APP: MouseMovedEvent: 1061, 305
[04:04:04] [trace] APP: MouseMovedEvent: 1059, 301
[04:04:04] [trace] APP: MouseMovedEvent: 1057, 299
[04:04:04] [trace] APP: MouseMovedEvent: 1056, 297
[04:04:04] [trace] APP: MouseMovedEvent: 1053, 295
[04:04:04] [trace] APP: MouseMovedEvent: 1051, 292
[04:04:04] [trace] APP: MouseMovedEvent: 1049, 290
[04:04:04] [trace] APP: MouseMovedEvent: 1047, 287
[04:04:04] [trace] APP: MouseMovedEvent: 1045, 286
[04:04:04] [trace] APP: MouseMovedEvent: 1043, 283
[04:04:04] [trace] APP: MouseMovedEvent: 1040, 280
[04:04:04] [trace] APP: MouseMovedEvent: 1038, 278
[04:04:04] [trace] APP: MouseMovedEvent: 1037, 275
[04:04:04] [trace] APP: MouseMovedEvent: 1033, 272
[04:04:04] [trace] APP: MouseMovedEvent: 1031, 270
[04:04:04] [trace] APP: MouseMovedEvent: 1029, 267
[04:04:04] [trace] APP: MouseMovedEvent: 1025, 263
[04:04:04] [trace] APP: MouseMovedEvent: 1022, 260
[04:04:04] [trace] APP: MouseMovedEvent: 1021, 258
[04:04:04] [trace] APP: MouseMovedEvent: 1019, 255
[04:04:04] [trace] APP: MouseMovedEvent: 1015, 251
[04:04:04] [trace] APP: MouseMovedEvent: 1014, 249
[04:04:04] [trace] APP: MouseMovedEvent: 1012, 247
[04:04:04] [trace] APP: MouseMovedEvent: 1011, 244
[04:04:04] [trace] APP: MouseMovedEvent: 1010, 243
[04:04:04] [trace] APP: MouseMovedEvent: 1009, 241
[04:04:04] [trace] APP: MouseMovedEvent: 1007, 239
[04:04:04] [trace] APP: MouseMovedEvent: 1006, 237
[04:04:04] [trace] APP: MouseMovedEvent: 1004, 234
[04:04:04] [trace] APP: MouseMovedEvent: 1003, 233
[04:04:04] [trace] APP: MouseMovedEvent: 1001, 231
[04:04:04] [trace] APP: MouseMovedEvent: 1001, 228
[04:04:04] [trace] APP: MouseMovedEvent: 1000, 227
[04:04:04] [trace] APP: MouseMovedEvent: 1000, 226
[04:04:04] [trace] APP: MouseMovedEvent: 999, 224
[04:04:04] [trace] APP: MouseMovedEvent: 998, 223
[04:04:04] [trace] APP: MouseMovedEvent: 997, 222
[04:04:04] [trace] APP: MouseMovedEvent: 997, 220
[04:04:04] [trace] APP: MouseMovedEvent: 996, 217
[04:04:04] [trace] APP: MouseMovedEvent: 995, 217
[04:04:04] [trace] APP: MouseMovedEvent: 995, 215
[04:04:04] [trace] APP: MouseMovedEvent: 995, 213
[04:04:04] [trace] APP: MouseMovedEvent: 993, 212
[04:04:04] [trace] APP: MouseMovedEvent: 993, 211
[04:04:04] [trace] APP: MouseMovedEvent: 993, 210
[04:04:04] [trace] APP: MouseMovedEvent: 993, 208
[04:04:04] [trace] APP: MouseMovedEvent: 992, 207
[04:04:04] [trace] APP: MouseMovedEvent: 992, 206
[04:04:04] [trace] APP: MouseMovedEvent: 992, 205
[04:04:04] [trace] APP: MouseMovedEvent: 991, 203
[04:04:04] [trace] APP: MouseMovedEvent: 991, 202
[04:04:04] [trace] APP: MouseMovedEvent: 991, 201
[04:04:04] [trace] APP: MouseMovedEvent: 991, 200
[04:04:04] [trace] APP: MouseMovedEvent: 991, 198
[04:04:04] [trace] APP: MouseMovedEvent: 991, 197
[04:04:04] [trace] APP: MouseMovedEvent: 991, 195
[04:04:04] [trace] APP: MouseMovedEvent: 991, 192
[04:04:04] [trace] APP: MouseMovedEvent: 991, 191
[04:04:04] [trace] APP: MouseMovedEvent: 991, 190
[04:04:04] [trace] APP: MouseMovedEvent: 991, 189
[04:04:04] [trace] APP: MouseMovedEvent: 991, 188
[04:04:04] [trace] APP: MouseMovedEvent: 991, 187
[04:04:04] [trace] APP: MouseMovedEvent: 992, 186
[04:04:04] [trace] APP: MouseMovedEvent: 992, 185
[04:04:04] [trace] APP: MouseMovedEvent: 992, 184
[04:04:04] [trace] APP: MouseMovedEvent: 993, 183
[04:04:04] [trace] APP: MouseMovedEvent: 994, 182
[04:04:04] [trace] APP: MouseMovedEvent: 994, 181
[04:04:04] [trace] APP: MouseMovedEvent: 995, 180
[04:04:04] [trace] APP: MouseMovedEvent: 995, 179
[04:04:04] [trace] APP: MouseMovedEvent: 996, 176
[04:04:04] [trace] APP: MouseMovedEvent: 996, 175
[04:04:04] [trace] APP: MouseMovedEvent: 997, 175
[04:04:04] [trace] APP: MouseMovedEvent: 997, 174
[04:04:04] [trace] APP: MouseMovedEvent: 998, 173
[04:04:04] [trace] APP: MouseMovedEvent: 999, 172
[04:04:04] [trace] APP: MouseMovedEvent: 1000, 171
[04:04:04] [trace] APP: MouseMovedEvent: 1000, 170
[04:04:04] [trace] APP: MouseMovedEvent: 1000, 169
[04:04:04] [trace] APP: MouseMovedEvent: 1001, 168
[04:04:04] [trace] APP: MouseMovedEvent: 1002, 168
[04:04:04] [trace] APP: MouseMovedEvent: 1003, 167
[04:04:04] [trace] APP: MouseMovedEvent: 1004, 165
[04:04:04] [trace] APP: MouseMovedEvent: 1005, 165
[04:04:04] [trace] APP: MouseMovedEvent: 1005, 164
[04:04:04] [trace] APP: MouseMovedEvent: 1005, 163
[04:04:04] [trace] APP: MouseMovedEvent: 1006, 161
[04:04:04] [trace] APP: MouseMovedEvent: 1008, 161
[04:04:04] [trace] APP: MouseMovedEvent: 1009, 160
[04:04:04] [trace] APP: MouseMovedEvent: 1009, 159
[04:04:04] [trace] APP: MouseMovedEvent: 1010, 158
[04:04:04] [trace] APP: MouseMovedEvent: 1011, 157
[04:04:04] [trace] APP: MouseMovedEvent: 1014, 156
[04:04:04] [trace] APP: MouseMovedEvent: 1015, 155
[04:04:04] [trace] APP: MouseMovedEvent: 1017, 154
[04:04:04] [trace] APP: MouseMovedEvent: 1018, 153
[04:04:04] [trace] APP: MouseMovedEvent: 1020, 152
[04:04:04] [trace] APP: MouseMovedEvent: 1021, 152
[04:04:04] [trace] APP: MouseMovedEvent: 1021, 151
[04:04:04] [trace] APP: MouseMovedEvent: 1024, 151
[04:04:04] [trace] APP: MouseMovedEvent: 1025, 150
[04:04:04] [trace] APP: MouseMovedEvent: 1026, 148
[04:04:04] [trace] APP: MouseMovedEvent: 1028, 148
[04:04:04] [trace] APP: MouseMovedEvent: 1031, 147
[04:04:04] [trace] APP: MouseMovedEvent: 1035, 145
[04:04:04] [trace] APP: MouseMovedEvent: 1037, 145
[04:04:04] [trace] APP: MouseMovedEvent: 1040, 142
[04:04:04] [trace] APP: MouseMovedEvent: 1043, 142
[04:04:04] [trace] APP: MouseMovedEvent: 1045, 142
[04:04:04] [trace] APP: MouseMovedEvent: 1048, 140
[04:04:04] [trace] APP: MouseMovedEvent: 1050, 139
[04:04:04] [trace] APP: MouseMovedEvent: 1052, 138
[04:04:04] [trace] APP: MouseMovedEvent: 1056, 136
[04:04:04] [trace] APP: MouseMovedEvent: 1059, 136
[04:04:04] [trace] APP: MouseMovedEvent: 1062, 135
[04:04:04] [trace] APP: MouseMovedEvent: 1064, 133
[04:04:04] [trace] APP: MouseMovedEvent: 1068, 132
[04:04:04] [trace] APP: MouseMovedEvent: 1070, 131
[04:04:04] [trace] APP: MouseMovedEvent: 1077, 128
[04:04:04] [trace] APP: MouseMovedEvent: 1083, 127
[04:04:04] [trace] APP: MouseMovedEvent: 1087, 125
[04:04:04] [trace] APP: MouseMovedEvent: 1091, 123
[04:04:04] [trace] APP: MouseMovedEvent: 1094, 123
[04:04:04] [trace] APP: MouseMovedEvent: 1098, 122
[04:04:04] [trace] APP: MouseMovedEvent: 1100, 121
[04:04:04] [trace] APP: MouseMovedEvent: 1106, 119
[04:04:04] [trace] APP: MouseMovedEvent: 1111, 117
[04:04:04] [trace] APP: MouseMovedEvent: 1114, 117
[04:04:04] [trace] APP: MouseMovedEvent: 1119, 115
[04:04:04] [trace] APP: MouseMovedEvent: 1122, 114
[04:04:04] [trace] APP: MouseMovedEvent: 1128, 112
[04:04:04] [trace] APP: MouseMovedEvent: 1131, 111
[04:04:04] [trace] APP: MouseMovedEvent: 1135, 110
[04:04:04] [trace] APP: MouseMovedEvent: 1138, 110
[04:04:04] [trace] APP: MouseMovedEvent: 1142, 108
[04:04:04] [trace] APP: MouseMovedEvent: 1147, 107
[04:04:04] [trace] APP: MouseMovedEvent: 1152, 105
[04:04:04] [trace] APP: MouseMovedEvent: 1156, 104
[04:04:04] [trace] APP: MouseMovedEvent: 1159, 104
[04:04:04] [trace] APP: MouseMovedEvent: 1164, 103
[04:04:04] [trace] APP: MouseMovedEvent: 1168, 100
[04:04:04] [trace] APP: MouseMovedEvent: 1173, 99
[04:04:04] [trace] APP: MouseMovedEvent: 1177, 98
[04:04:04] [trace] APP: MouseMovedEvent: 1183, 97
[04:04:04] [trace] APP: MouseMovedEvent: 1186, 96
[04:04:04] [trace] APP: MouseMovedEvent: 1190, 94
[04:04:04] [trace] APP: MouseMovedEvent: 1196, 92
[04:04:04] [trace] APP: MouseMovedEvent: 1199, 91
[04:04:04] [trace] APP: MouseMovedEvent: 1204, 90
[04:04:04] [trace] APP: MouseMovedEvent: 1209, 88
[04:04:04] [trace] APP: MouseMovedEvent: 1213, 87
[04:04:04] [trace] APP: MouseMovedEvent: 1218, 85
[04:04:04] [trace] APP: MouseMovedEvent: 1221, 84
[04:04:04] [trace] APP: MouseMovedEvent: 1226, 83
[04:04:04] [trace] APP: MouseMovedEvent: 1229, 82
[04:04:04] [trace] APP: MouseMovedEvent: 1234, 80
[04:04:04] [trace] APP: MouseMovedEvent: 1238, 79
[04:04:04] [trace] APP: MouseMovedEvent: 1240, 78
[04:04:04] [trace] APP: MouseMovedEvent: 1243, 76
[04:04:04] [trace] APP: MouseMovedEvent: 1247, 76
[04:04:04] [trace] APP: MouseMovedEvent: 1252, 75
[04:04:04] [trace] APP: MouseMovedEvent: 1255, 73
[04:04:04] [trace] APP: MouseMovedEvent: 1259, 71
[04:04:04] [trace] APP: MouseMovedEvent: 1265, 70
[04:04:04] [trace] APP: MouseMovedEvent: 1268, 68
[04:04:04] [trace] APP: MouseMovedEvent: 1271, 66
[04:04:04] [trace] APP: MouseMovedEvent: 1274, 66
[04:04:04] [trace] APP: MouseMovedEvent: 1277, 65
[04:04:04] [trace] APP: MouseMovedEvent: 1280, 64
[04:04:04] [trace] APP: MouseMovedEvent: 1283, 63
[04:04:04] [trace] APP: MouseMovedEvent: 1285, 60
[04:04:04] [trace] APP: MouseMovedEvent: 1290, 59
[04:04:04] [trace] APP: MouseMovedEvent: 1291, 59
[04:04:04] [trace] APP: MouseMovedEvent: 1295, 58
[04:04:04] [trace] APP: MouseMovedEvent: 1297, 57
[04:04:04] [trace] APP: MouseMovedEvent: 1300, 56
[04:04:04] [trace] APP: MouseMovedEvent: 1303, 54
[04:04:04] [trace] APP: MouseMovedEvent: 1304, 54
[04:04:04] [trace] APP: MouseMovedEvent: 1307, 53
[04:04:04] [trace] APP: MouseMovedEvent: 1309, 52
[04:04:04] [trace] APP: MouseMovedEvent: 1314, 50
[04:04:04] [trace] APP: MouseMovedEvent: 1317, 49
[04:04:04] [trace] APP: MouseMovedEvent: 1321, 47
[04:04:04] [trace] APP: MouseMovedEvent: 1321, 46
[04:04:04] [trace] APP: MouseMovedEvent: 1323, 46
[04:04:04] [trace] APP: MouseMovedEvent: 1326, 45
[04:04:04] [trace] APP: MouseMovedEvent: 1327, 45
[04:04:04] [trace] APP: MouseMovedEvent: 1328, 44
[04:04:04] [trace] APP: MouseMovedEvent: 1330, 43
[04:04:04] [trace] APP: MouseMovedEvent: 1332, 43
[04:04:04] [trace] APP: MouseMovedEvent: 1334, 41
[04:04:04] [trace] APP: MouseMovedEvent: 1337, 41
[04:04:04] [trace] APP: MouseMovedEvent: 1337, 40
[04:04:04] [trace] APP: MouseMovedEvent: 1338, 40
[04:04:04] [trace] APP: MouseMovedEvent: 1339, 39
[04:04:04] [trace] APP: MouseMovedEvent: 1340, 39
[04:04:04] [trace] APP: MouseMovedEvent: 1341, 38
[04:04:04] [trace] APP: MouseMovedEvent: 1343, 37
[04:04:04] [trace] APP: MouseMovedEvent: 1344, 37
[04:04:04] [trace] APP: MouseMovedEvent: 1345, 37
[04:04:04] [trace] APP: MouseMovedEvent: 1346, 36
[04:04:04] [trace] APP: MouseMovedEvent: 1348, 36
[04:04:04] [trace] APP: MouseMovedEvent: 1349, 35
[04:04:04] [trace] APP: MouseMovedEvent: 1349, 34
[04:04:04] [trace] APP: MouseMovedEvent: 1351, 33
[04:04:04] [trace] APP: MouseMovedEvent: 1352, 33
[04:04:04] [trace] APP: MouseMovedEvent: 1353, 33
[04:04:04] [trace] APP: MouseMovedEvent: 1354, 33
[04:04:04] [trace] APP: MouseMovedEvent: 1355, 31
[04:04:04] [trace] APP: MouseMovedEvent: 1356, 31
[04:04:04] [trace] APP: MouseMovedEvent: 1357, 31
[04:04:04] [trace] APP: MouseMovedEvent: 1357, 30
[04:04:04] [trace] APP: MouseMovedEvent: 1358, 30
[04:04:04] [trace] APP: MouseMovedEvent: 1359, 30
[04:04:04] [trace] APP: MouseMovedEvent: 1359, 29
[04:04:04] [trace] APP: MouseMovedEvent: 1361, 29
[04:04:04] [trace] APP: MouseMovedEvent: 1362, 28
[04:04:04] [trace] APP: MouseMovedEvent: 1363, 28
[04:04:04] [trace] APP: MouseMovedEvent: 1364, 28
[04:04:04] [trace] APP: MouseMovedEvent: 1365, 27
[04:04:04] [trace] APP: MouseMovedEvent: 1367, 27
[04:04:04] [trace] APP: MouseMovedEvent: 1368, 27
[04:04:04] [trace] APP: MouseMovedEvent: 1369, 26
[04:04:04] [trace] APP: MouseMovedEvent: 1370, 26
[04:04:04] [trace] APP: MouseMovedEvent: 1371, 25
[04:04:04] [trace] APP: MouseMovedEvent: 1372, 25
[04:04:04] [trace] APP: MouseMovedEvent: 1373, 25
[04:04:04] [trace] APP: MouseMovedEvent: 1374, 24
[04:04:04] [trace] APP: MouseMovedEvent: 1375, 24
[04:04:04] [trace] APP: MouseMovedEvent: 1375, 23
[04:04:04] [trace] APP: MouseMovedEvent: 1377, 23
[04:04:04] [trace] APP: MouseMovedEvent: 1378, 23
[04:04:04] [trace] APP: MouseMovedEvent: 1379, 23
[04:04:04] [trace] APP: MouseMovedEvent: 1382, 22
[04:04:04] [trace] APP: MouseMovedEvent: 1383, 21
[04:04:04] [trace] APP: MouseMovedEvent: 1384, 21
[04:04:04] [trace] APP: MouseMovedEvent: 1386, 20
[04:04:04] [trace] APP: MouseMovedEvent: 1387, 20
[04:04:04] [trace] APP: MouseMovedEvent: 1387, 19
[04:04:04] [trace] APP: MouseMovedEvent: 1388, 19
[04:04:04] [trace] APP: MouseMovedEvent: 1389, 19
[04:04:04] [trace] APP: MouseMovedEvent: 1390, 17
[04:04:04] [trace] APP: MouseMovedEvent: 1391, 17
[04:04:04] [trace] APP: MouseMovedEvent: 1392, 17
[04:04:04] [trace] APP: MouseMovedEvent: 1393, 17
[04:04:04] [trace] APP: MouseMovedEvent: 1395, 16
[04:04:04] [trace] APP: MouseMovedEvent: 1396, 16
[04:04:04] [trace] APP: MouseMovedEvent: 1398, 15
[04:04:04] [trace] APP: MouseMovedEvent: 1399, 14
[04:04:04] [trace] APP: MouseMovedEvent: 1400, 14
[04:04:04] [trace] APP: MouseMovedEvent: 1401, 13
[04:04:04] [trace] APP: MouseMovedEvent: 1402, 13
[04:04:04] [trace] APP: MouseMovedEvent: 1403, 12
[04:04:04] [trace] APP: MouseMovedEvent: 1405, 11
[04:04:04] [trace] APP: MouseMovedEvent: 1407, 11
[04:04:04] [trace] APP: MouseMovedEvent: 1408, 11
[04:04:04] [trace] APP: MouseMovedEvent: 1409, 10
[04:04:04] [trace] APP: MouseMovedEvent: 1411, 10
[04:04:04] [trace] APP: MouseMovedEvent: 1412, 10
[04:04:04] [trace] APP: MouseMovedEvent: 1413, 9
[04:04:04] [trace] APP: MouseMovedEvent: 1415, 9
[04:04:04] [trace] APP: MouseMovedEvent: 1416, 8
[04:04:04] [trace] APP: MouseMovedEvent: 1418, 7
[04:04:04] [trace] APP: MouseMovedEvent: 1419, 7
[04:04:04] [trace] APP: MouseMovedEvent: 1420, 7
[04:04:04] [trace] APP: MouseMovedEvent: 1421, 7
[04:04:04] [trace] APP: MouseMovedEvent: 1422, 6
[04:04:04] [trace] APP: MouseMovedEvent: 1423, 6
[04:04:04] [trace] APP: MouseMovedEvent: 1425, 6
[04:04:04] [trace] APP: MouseMovedEvent: 1425, 5
[04:04:04] [trace] APP: MouseMovedEvent: 1426, 5
[04:04:04] [trace] APP: MouseMovedEvent: 1427, 4
[04:04:04] [trace] APP: MouseMovedEvent: 1428, 3
[04:04:04] [trace] APP: MouseMovedEvent: 1430, 3
[04:04:04] [trace] APP: MouseMovedEvent: 1431, 3
[04:04:04] [trace] APP: MouseMovedEvent: 1431, 2
[04:04:04] [trace] APP: MouseMovedEvent: 1435, 2
[04:04:04] [trace] APP: MouseMovedEvent: 1436, 1
[04:04:04] [trace] APP: MouseMovedEvent: 1437, 1
[04:04:04] [trace] APP: MouseMovedEvent: 1438, 0
[04:04:05] [trace] APP: MouseMovedEvent: 1515, 1
[04:04:05] [trace] APP: MouseMovedEvent: 1514, 2
[04:04:05] [trace] APP: MouseMovedEvent: 1513, 3
[04:04:05] [trace] APP: MouseMovedEvent: 1512, 4
[04:04:05] [trace] APP: MouseMovedEvent: 1512, 5
[04:04:05] [trace] APP: MouseMovedEvent: 1511, 5
[04:04:05] [trace] APP: MouseMovedEvent: 1511, 6
[04:04:05] [trace] APP: MouseMovedEvent: 1510, 6
[04:04:05] [trace] APP: MouseMovedEvent: 1509, 7
[04:04:05] [trace] APP: MouseMovedEvent: 1508, 8
[04:04:05] [trace] APP: MouseMovedEvent: 1507, 8
[04:04:05] [trace] APP: MouseMovedEvent: 1506, 9
[04:04:05] [trace] APP: MouseMovedEvent: 1505, 9
[04:04:05] [trace] APP: MouseMovedEvent: 1504, 9
[04:04:05] [trace] APP: MouseMovedEvent: 1504, 10
[04:04:05] [trace] APP: MouseMovedEvent: 1503, 10
[04:04:05] [trace] APP: MouseMovedEvent: 1502, 10
[04:04:05] [trace] APP: MouseMovedEvent: 1501, 10
[04:04:05] [trace] APP: MouseMovedEvent: 1500, 11
[04:04:05] [trace] APP: MouseMovedEvent: 1499, 11
[04:04:05] [trace] APP: MouseMovedEvent: 1498, 11
[04:04:05] [trace] APP: MouseMovedEvent: 1497, 11
[04:04:05] [trace] APP: MouseMovedEvent: 1496, 11
[04:04:05] [trace] APP: MouseMovedEvent: 1495, 11
[04:04:05] [trace] APP: MouseMovedEvent: 1494, 11
[04:04:05] [trace] APP: MouseMovedEvent: 1493, 11
[04:04:05] [trace] APP: MouseMovedEvent: 1492, 11
[04:04:05] [trace] APP: MouseMovedEvent: 1491, 11
[04:04:05] [trace] APP: MouseMovedEvent: 1490, 11
[04:04:05] [trace] APP: MouseMovedEvent: 1489, 11
[04:04:05] [trace] APP: MouseMovedEvent: 1488, 11
[04:04:05] [trace] APP: MouseMovedEvent: 1487, 11
[04:04:05] [trace] APP: MouseMovedEvent: 1486, 11
[04:04:05] [trace] APP: MouseMovedEvent: 1485, 11
[04:04:05] [trace] APP: MouseMovedEvent: 1484, 11
[04:04:05] [trace] APP: MouseMovedEvent: 1483, 11
[04:04:05] [trace] APP: MouseMovedEvent: 1481, 10
[04:04:05] [trace] APP: MouseMovedEvent: 1480, 10
[04:04:05] [trace] APP: MouseMovedEvent: 1479, 10
[04:04:05] [trace] APP: MouseMovedEvent: 1478, 10
[04:04:05] [trace] APP: MouseMovedEvent: 1476, 10
[04:04:05] [trace] APP: MouseMovedEvent: 1476, 9
[04:04:05] [trace] APP: MouseMovedEvent: 1475, 9
[04:04:05] [trace] APP: MouseMovedEvent: 1473, 9
[04:04:05] [trace] APP: MouseMovedEvent: 1473, 8
[04:04:05] [trace] APP: MouseMovedEvent: 1472, 8
[04:04:05] [trace] APP: MouseMovedEvent: 1471, 8
[04:04:05] [trace] APP: MouseMovedEvent: 1469, 8
[04:04:05] [trace] APP: MouseMovedEvent: 1468, 8
[04:04:05] [trace] APP: MouseMovedEvent: 1466, 7
[04:04:05] [trace] APP: MouseMovedEvent: 1465, 7
[04:04:05] [trace] APP: MouseMovedEvent: 1464, 6
[04:04:05] [trace] APP: MouseMovedEvent: 1462, 6
[04:04:05] [trace] APP: MouseMovedEvent: 1461, 6
[04:04:05] [trace] APP: MouseMovedEvent: 1460, 6
[04:04:05] [trace] APP: MouseMovedEvent: 1458, 6
[04:04:05] [trace] APP: MouseMovedEvent: 1457, 6
[04:04:05] [trace] APP: MouseMovedEvent: 1456, 6
[04:04:05] [trace] APP: MouseMovedEvent: 1454, 5
[04:04:05] [trace] APP: MouseMovedEvent: 1452, 4
[04:04:05] [trace] APP: MouseMovedEvent: 1451, 4
[04:04:05] [trace] APP: MouseMovedEvent: 1450, 4
[04:04:05] [trace] APP: MouseMovedEvent: 1447, 4
[04:04:05] [trace] APP: MouseMovedEvent: 1445, 3
[04:04:05] [trace] APP: MouseMovedEvent: 1442, 2
[04:04:05] [trace] APP: MouseMovedEvent: 1440, 2
[04:04:05] [trace] APP: MouseMovedEvent: 1438, 1
[04:04:05] [trace] APP: MouseMovedEvent: 1436, 1
[04:04:05] [trace] APP: MouseMovedEvent: 1434, 1
[04:04:05] [trace] APP: MouseMovedEvent: 1433, 1
[04:04:05] [trace] APP: MouseMovedEvent: 1430, 0
[04:04:05] [trace] APP: MouseMovedEvent: 1428, 0
[04:04:05] [trace] APP: MouseMovedEvent: 1426, 0
